#
# An unexpected error has been detected by Java Runtime Environment:
#
#  EXCEPTION_ACCESS_VIOLATION (0xc0000005) at pc=0x788d09f6, pid=16732, tid=17396
#
# Java VM: Java HotSpot(TM) Client VM (10.0-b19 mixed mode windows-x86)
# Problematic frame:
# C  [hg.dll+0xd09f6]
#
# If you would like to submit a bug report, please visit:
#   http://java.sun.com/webapps/bugreport/crash.jsp
# The crash happened outside the Java Virtual Machine in native code.
# See problematic frame for where to report the bug.
#

---------------  T H R E A D  ---------------

Current thread (0x058ce800):  JavaThread "main" [_thread_in_native, id=17396, stack(0x00430000,0x00c30000)]

siginfo: ExceptionCode=0xc0000005, reading address 0x00000128

Registers:
EAX=0x00000000, EBX=0x00c2819f, ECX=0x01291e90, EDX=0x00000000
ESP=0x00c28150, EBP=0x00c28150, ESI=0x78942da8, EDI=0x00c28194
EIP=0x788d09f6, EFLAGS=0x00210246

Top of Stack: (sp=0x00c28150)
0x00c28150:   00c28168 788e1102 00000000 00000000
0x00c28160:   00000000 7aae8f00 00c281a0 788e12c5
0x00c28170:   00000000 78942da8 00c28190 00c28194
0x00c28180:   00c2819f 00c28198 00000000 131a6518
0x00c28190:   78942da8 00000000 00000000 00000001
0x00c281a0:   00c281c0 7888e559 00000000 78942da8
0x00c281b0:   131a6518 0236bfa0 0237eac8 1e263e28
0x00c281c0:   00c281dc 7888e5c0 024cb548 7b7f7f3c 

Instructions: (pc=0x788d09f6)
0x788d09e6:   8b 80 90 01 00 00 5d c3 cc cc 55 8b ec 8b 45 08
0x788d09f6:   8b 80 28 01 00 00 5d c3 cc cc 55 8b ec 8b 55 08 


Stack: [0x00430000,0x00c30000],  sp=0x00c28150,  free space=8160k
Native frames: (J=compiled Java code, j=interpreted, Vv=VM code, C=native code)
C  [hg.dll+0xd09f6]
C  [hg.dll+0xe1102]
C  [hg.dll+0xe12c5]
C  [hg.dll+0x8e559]
C  [hg.dll+0x8e5c0]
C  [uiw.dll+0x373ae]
C  [jmi.dll+0x2207a]
v  ~BufferBlob::Interpreter
v  ~BufferBlob::Interpreter
v  ~BufferBlob::Interpreter
v  ~BufferBlob::Interpreter
v  ~BufferBlob::StubRoutines (1)

Java frames: (J=compiled Java code, j=interpreted, Vv=VM code)
v  ~BufferBlob::Interpreter
v  ~BufferBlob::Interpreter
v  ~BufferBlob::Interpreter
v  ~BufferBlob::Interpreter
v  ~BufferBlob::Interpreter
v  ~BufferBlob::StubRoutines (1)
v  ~BufferBlob::Interpreter
v  ~BufferBlob::Interpreter
J  sun.reflect.DelegatingMethodAccessorImpl.invoke(Ljava/lang/Object;[Ljava/lang/Object;)Ljava/lang/Object;
J  java.lang.reflect.Method.invoke(Ljava/lang/Object;[Ljava/lang/Object;)Ljava/lang/Object;
v  ~BufferBlob::Interpreter
v  ~BufferBlob::StubRoutines (1)
v  ~BufferBlob::Interpreter
v  ~BufferBlob::Interpreter
v  ~BufferBlob::Interpreter
v  ~BufferBlob::Interpreter
v  ~BufferBlob::Interpreter
v  ~BufferBlob::Interpreter
v  ~BufferBlob::StubRoutines (1)

---------------  P R O C E S S  ---------------

Java Threads: ( => current thread )
  0x0a271c00 JavaThread "Thread-1904" [_thread_in_native, id=21892, stack(0x260a0000,0x26120000)]
  0x0a53b400 JavaThread "Thread-1903" [_thread_in_native, id=22332, stack(0x246f0000,0x24770000)]
  0x0a53a400 JavaThread "Thread-1902" [_thread_in_native, id=20344, stack(0x23c30000,0x23cb0000)]
  0x0a539800 JavaThread "Thread-1901" [_thread_in_native, id=21804, stack(0x227b0000,0x22830000)]
  0x0a537c00 JavaThread "Thread-1900" [_thread_in_native, id=19976, stack(0x22730000,0x227b0000)]
  0x0a538400 JavaThread "Thread-1899" [_thread_in_native, id=20796, stack(0x223b0000,0x22430000)]
  0x0a4d0800 JavaThread "Thread-1898" [_thread_in_native, id=21248, stack(0x14e10000,0x14e90000)]
  0x0a4cfc00 JavaThread "Thread-1897" [_thread_in_native, id=19404, stack(0x0b8b0000,0x0b930000)]
  0x0a4cf800 JavaThread "Thread-1896" [_thread_in_native, id=18584, stack(0x03b60000,0x03be0000)]
  0x0a513400 JavaThread "Thread-1390" [_thread_blocked, id=17156, stack(0x0b540000,0x0b5c0000)]
  0x0a540400 JavaThread "Thread-1364" [_thread_blocked, id=20580, stack(0x0b4c0000,0x0b540000)]
  0x0a656800 JavaThread "Foxtrot Single Worker Thread #1" daemon [_thread_blocked, id=21076, stack(0x05520000,0x055a0000)]
  0x09f7a000 JavaThread "Thread-987" [_thread_blocked, id=6252, stack(0x03870000,0x038f0000)]
  0x05b5e800 JavaThread "Prefs Updater" [_thread_blocked, id=17404, stack(0x0ea60000,0x0eae0000)]
  0x05b4c000 JavaThread "Thread-24" [_thread_blocked, id=17916, stack(0x0e9e0000,0x0ea60000)]
  0x05b48400 JavaThread "Thread-23" [_thread_blocked, id=20812, stack(0x0e960000,0x0e9e0000)]
  0x05ad0000 JavaThread "Thread-22" [_thread_blocked, id=20556, stack(0x0e8e0000,0x0e960000)]
  0x09f0a400 JavaThread "Thread-21" [_thread_blocked, id=15096, stack(0x0e860000,0x0e8e0000)]
  0x09d8b800 JavaThread "Thread-20" [_thread_blocked, id=20604, stack(0x0e7e0000,0x0e860000)]
  0x09ef4400 JavaThread "Thread-19" [_thread_blocked, id=18872, stack(0x0e760000,0x0e7e0000)]
  0x09ea3400 JavaThread "Thread-18" [_thread_blocked, id=14828, stack(0x0e6e0000,0x0e760000)]
  0x09e7a400 JavaThread "Thread-17" [_thread_blocked, id=20400, stack(0x0e660000,0x0e6e0000)]
  0x09e36000 JavaThread "Thread-16" [_thread_blocked, id=17024, stack(0x0e5e0000,0x0e660000)]
  0x09dedc00 JavaThread "Thread-15" [_thread_blocked, id=21308, stack(0x0e160000,0x0e1e0000)]
  0x0a40e800 JavaThread "Thread-14" [_thread_blocked, id=17360, stack(0x0e0e0000,0x0e160000)]
  0x0a409000 JavaThread "Thread-13" [_thread_blocked, id=20996, stack(0x0e060000,0x0e0e0000)]
  0x09d3fc00 JavaThread "Thread-12" [_thread_blocked, id=7268, stack(0x0dfd0000,0x0e050000)]
  0x09d55000 JavaThread "Thread-11" [_thread_blocked, id=17384, stack(0x0df50000,0x0dfd0000)]
  0x05b88400 JavaThread "Thread-10" [_thread_blocked, id=21788, stack(0x0aff0000,0x0b070000)]
  0x09d73400 JavaThread "Thread-9" [_thread_blocked, id=22212, stack(0x0c400000,0x0c480000)]
  0x09ebd400 JavaThread "Active Reference Queue Daemon" daemon [_thread_blocked, id=22296, stack(0x0c300000,0x0c380000)]
  0x09da1400 JavaThread "Timer-4" daemon [_thread_blocked, id=20412, stack(0x0c280000,0x0c300000)]
  0x0a2ff000 JavaThread "Timer-3" daemon [_thread_blocked, id=21668, stack(0x0c1f0000,0x0c270000)]
  0x0a31a400 JavaThread "Timer-1" [_thread_blocked, id=21504, stack(0x0b070000,0x0b0f0000)]
  0x0a11f800 JavaThread "TimerQueue" daemon [_thread_blocked, id=16444, stack(0x0ad90000,0x0ae10000)]
  0x0a143800 JavaThread "AWT-EventQueue-0" [_thread_in_native, id=17704, stack(0x0acf0000,0x0ad70000)]
  0x09780400 JavaThread "Timer-0" [_thread_blocked, id=19796, stack(0x09ab0000,0x09b30000)]
  0x09775800 JavaThread "AWT-Windows" daemon [_thread_in_native, id=20880, stack(0x09a10000,0x09a90000)]
  0x09774800 JavaThread "AWT-Shutdown" [_thread_blocked, id=7144, stack(0x09990000,0x09a10000)]
  0x09774400 JavaThread "Java2D Disposer" daemon [_thread_blocked, id=21172, stack(0x09910000,0x09990000)]
  0x05b9cc00 JavaThread "JMI Unnamed Thread" [_thread_in_native, id=9540, stack(0x02f80000,0x03780000)]
  0x05b42000 JavaThread "Low Memory Detector" daemon [_thread_blocked, id=8324, stack(0x08e90000,0x08f10000)]
  0x05b40800 JavaThread "CompilerThread0" daemon [_thread_blocked, id=17316, stack(0x08690000,0x08e90000)]
  0x05b3f800 JavaThread "Attach Listener" daemon [_thread_blocked, id=4872, stack(0x08610000,0x08690000)]
  0x05b31800 JavaThread "Finalizer" daemon [_thread_blocked, id=17964, stack(0x08590000,0x08610000)]
  0x05b2d400 JavaThread "Reference Handler" daemon [_thread_blocked, id=20488, stack(0x08510000,0x08590000)]
=>0x058ce800 JavaThread "main" [_thread_in_native, id=17396, stack(0x00430000,0x00c30000)]

Other Threads:
  0x05b28800 VMThread [stack: 0x07d10000,0x08510000] [id=18052]
  0x05b58000 WatcherThread [stack: 0x08f10000,0x09710000] [id=22284]

VM state:not at safepoint (normal execution)

VM Mutex/Monitor currently owned by a thread: None

Heap
 def new generation   total 29504K, used 10546K [0x160b0000, 0x180b0000, 0x180b0000)
  eden space 26240K,  40% used [0x160b0000, 0x16af8078, 0x17a50000)
  from space 3264K,   0% used [0x17a50000, 0x17a547c0, 0x17d80000)
  to   space 3264K,   0% used [0x17d80000, 0x17d80000, 0x180b0000)
 tenured generation   total 98304K, used 86888K [0x180b0000, 0x1e0b0000, 0x1e0b0000)
   the space 98304K,  88% used [0x180b0000, 0x1d58a1c8, 0x1d58a200, 0x1e0b0000)
 compacting perm gen  total 33536K, used 32803K [0x1e0b0000, 0x20170000, 0x220b0000)
   the space 33536K,  97% used [0x1e0b0000, 0x200b8d40, 0x200b8e00, 0x20170000)
No shared spaces configured.

Dynamic libraries:
0x00400000 - 0x0042f000 	C:\Program Files\MATLAB\R2009a\bin\win32\MATLAB.exe
0x7c900000 - 0x7c9b2000 	C:\WINDOWS\system32\ntdll.dll
0x7c800000 - 0x7c8f6000 	C:\WINDOWS\system32\kernel32.dll
0x7b280000 - 0x7b34a000 	C:\Program Files\MATLAB\R2009a\bin\win32\libut.dll
0x76c90000 - 0x76cb8000 	C:\WINDOWS\system32\imagehlp.dll
0x77c10000 - 0x77c68000 	C:\WINDOWS\system32\msvcrt.dll
0x76bf0000 - 0x76bfb000 	C:\WINDOWS\system32\PSAPI.DLL
0x7bba0000 - 0x7bbbf000 	C:\Program Files\MATLAB\R2009a\bin\win32\LIBEXPAT.dll
0x78130000 - 0x781cb000 	C:\WINDOWS\WinSxS\x86_Microsoft.VC80.CRT_1fc8b3b9a1e18e3b_8.0.50727.4053_x-ww_e6967989\MSVCR80.dll
0x7b6b0000 - 0x7b791000 	C:\Program Files\MATLAB\R2009a\bin\win32\icuuc38.dll
0x77dd0000 - 0x77e6b000 	C:\WINDOWS\system32\ADVAPI32.dll
0x77e70000 - 0x77f03000 	C:\WINDOWS\system32\RPCRT4.dll
0x77fe0000 - 0x77ff1000 	C:\WINDOWS\system32\Secur32.dll
0x7ad90000 - 0x7ad94000 	C:\Program Files\MATLAB\R2009a\bin\win32\icudt38.dll
0x7ada0000 - 0x7adac000 	C:\Program Files\MATLAB\R2009a\bin\win32\icuio38.dll
0x7afe0000 - 0x7b0c4000 	C:\Program Files\MATLAB\R2009a\bin\win32\icuin38.dll
0x7c420000 - 0x7c4a7000 	C:\WINDOWS\WinSxS\x86_Microsoft.VC80.CRT_1fc8b3b9a1e18e3b_8.0.50727.4053_x-ww_e6967989\MSVCP80.dll
0x7e410000 - 0x7e4a1000 	C:\WINDOWS\system32\USER32.dll
0x77f10000 - 0x77f59000 	C:\WINDOWS\system32\GDI32.dll
0x782e0000 - 0x78317000 	C:\Program Files\MATLAB\R2009a\bin\win32\libmwfl.dll
0x10000000 - 0x1000e000 	C:\Program Files\MATLAB\R2009a\bin\win32\boost_date_time-vc80-mt-1_36.dll
0x002b0000 - 0x002c0000 	C:\Program Files\MATLAB\R2009a\bin\win32\boost_signals-vc80-mt-1_36.dll
0x002d0000 - 0x002d7000 	C:\Program Files\MATLAB\R2009a\bin\win32\boost_system-vc80-mt-1_36.dll
0x002f0000 - 0x002fc000 	C:\Program Files\MATLAB\R2009a\bin\win32\boost_thread-vc80-mt-1_36.dll
0x7b3b0000 - 0x7b59a000 	C:\Program Files\MATLAB\R2009a\bin\win32\libmwservices.dll
0x7b350000 - 0x7b3aa000 	C:\Program Files\MATLAB\R2009a\bin\win32\libmx.dll
0x787a0000 - 0x787b3000 	C:\Program Files\MATLAB\R2009a\bin\win32\zlib1.dll
0x7b5a0000 - 0x7b6af000 	C:\Program Files\MATLAB\R2009a\bin\win32\libmwmathutil.dll
0x79510000 - 0x79543000 	C:\Program Files\MATLAB\R2009a\bin\win32\mpath.dll
0x00350000 - 0x0037f000 	C:\Program Files\MATLAB\R2009a\bin\win32\mlutil.dll
0x00390000 - 0x003c9000 	C:\Program Files\MATLAB\R2009a\bin\win32\tbb.dll
0x00c30000 - 0x00cca000 	C:\WINDOWS\system32\COMCTL32.dll
0x763b0000 - 0x763f9000 	C:\WINDOWS\system32\comdlg32.dll
0x7c9c0000 - 0x7d1d7000 	C:\WINDOWS\system32\SHELL32.dll
0x77f60000 - 0x77fd6000 	C:\WINDOWS\system32\SHLWAPI.dll
0x00cd0000 - 0x00d25000 	C:\WINDOWS\system32\NETAPI32.dll
0x71ab0000 - 0x71ac7000 	C:\WINDOWS\system32\WS2_32.dll
0x71aa0000 - 0x71aa8000 	C:\WINDOWS\system32\WS2HELP.dll
0x79a80000 - 0x79ad3000 	C:\Program Files\MATLAB\R2009a\bin\win32\mcr.dll
0x7adb0000 - 0x7adeb000 	C:\Program Files\MATLAB\R2009a\bin\win32\iqm.dll
0x7a080000 - 0x7a558000 	C:\Program Files\MATLAB\R2009a\bin\win32\m_interpreter.dll
0x7ae00000 - 0x7ae0c000 	C:\Program Files\MATLAB\R2009a\bin\win32\libmex.dll
0x79960000 - 0x799b7000 	C:\Program Files\MATLAB\R2009a\bin\win32\m_dispatcher.dll
0x78670000 - 0x7868c000 	C:\Program Files\MATLAB\R2009a\bin\win32\datasvcs.dll
0x78df0000 - 0x78fb2000 	C:\Program Files\MATLAB\R2009a\bin\win32\xerces-c_2_7.dll
0x00d70000 - 0x00e0d000 	C:\Program Files\MATLAB\R2009a\bin\win32\boost_regex-vc80-mt-1_36.dll
0x79870000 - 0x798c7000 	C:\Program Files\MATLAB\R2009a\bin\win32\profiler.dll
0x7ae60000 - 0x7ae7e000 	C:\Program Files\MATLAB\R2009a\bin\win32\libmwmathrng.dll
0x78720000 - 0x78732000 	C:\Program Files\MATLAB\R2009a\bin\win32\m_pcodeio.dll
0x794d0000 - 0x79507000 	C:\Program Files\MATLAB\R2009a\bin\win32\m_ir.dll
0x79b60000 - 0x7a077000 	C:\Program Files\MATLAB\R2009a\bin\win32\m_parser.dll
0x7adf0000 - 0x7adfe000 	C:\Program Files\MATLAB\R2009a\bin\win32\ir_xfmr.dll
0x78320000 - 0x78468000 	C:\Program Files\MATLAB\R2009a\bin\win32\mcos.dll
0x7aea0000 - 0x7aeaa000 	C:\Program Files\MATLAB\R2009a\bin\win32\mtok.dll
0x78700000 - 0x78716000 	C:\Program Files\MATLAB\R2009a\bin\win32\m_pcodegen.dll
0x78650000 - 0x7866b000 	C:\Program Files\MATLAB\R2009a\bin\win32\bridge.dll
0x7aae0000 - 0x7ab64000 	C:\Program Files\MATLAB\R2009a\bin\win32\udd.dll
0x7b7a0000 - 0x7b89b000 	C:\Program Files\MATLAB\R2009a\bin\win32\libmwgui.dll
0x78800000 - 0x789f1000 	C:\Program Files\MATLAB\R2009a\bin\win32\hg.dll
0x78690000 - 0x786b2000 	C:\Program Files\MATLAB\R2009a\bin\win32\libmat.dll
0x7b0d0000 - 0x7b275000 	C:\Program Files\MATLAB\R2009a\bin\win32\libhdf5.dll
0x793e0000 - 0x7941e000 	C:\Program Files\MATLAB\R2009a\bin\win32\jmi.dll
0x790f0000 - 0x7911c000 	C:\Program Files\MATLAB\R2009a\bin\win32\libmwhardcopy.dll
0x79490000 - 0x794c7000 	C:\Program Files\MATLAB\R2009a\bin\win32\libuij.dll
0x78d50000 - 0x78de5000 	C:\Program Files\MATLAB\R2009a\bin\win32\libmwmathlinalg.dll
0x78a60000 - 0x78d42000 	C:\Program Files\MATLAB\R2009a\bin\win32\libmwmathelem.dll
0x78a00000 - 0x78a52000 	C:\Program Files\MATLAB\R2009a\bin\win32\libmwmathcore.dll
0x798d0000 - 0x79917000 	C:\Program Files\MATLAB\R2009a\bin\win32\libmwcholmod.dll
0x7ae10000 - 0x7ae1a000 	C:\Program Files\MATLAB\R2009a\bin\win32\libmwamd.dll
0x7ae40000 - 0x7ae49000 	C:\Program Files\MATLAB\R2009a\bin\win32\libmwcolamd.dll
0x7ae30000 - 0x7ae3d000 	C:\Program Files\MATLAB\R2009a\bin\win32\libmwblas.dll
0x7ae20000 - 0x7ae2c000 	C:\Program Files\MATLAB\R2009a\bin\win32\libmwbinder.dll
0x786c0000 - 0x786f8000 	C:\Program Files\MATLAB\R2009a\bin\win32\libmwlapack.dll
0x00fd0000 - 0x01005000 	C:\Program Files\MATLAB\R2009a\bin\win32\libmwrookfastbp.dll
0x79120000 - 0x7915c000 	C:\Program Files\MATLAB\R2009a\bin\win32\libmwma57.dll
0x7aef0000 - 0x7afd9000 	C:\Program Files\MATLAB\R2009a\bin\win32\libifcoremd.dll
0x79550000 - 0x79813000 	C:\Program Files\MATLAB\R2009a\bin\win32\libmmd.dll
0x7ae50000 - 0x7ae5c000 	C:\Program Files\MATLAB\R2009a\bin\win32\libmwcsparse.dll
0x79a20000 - 0x79a73000 	C:\Program Files\MATLAB\R2009a\bin\win32\libmwumfpack.dll
0x01050000 - 0x010f7000 	C:\Program Files\MATLAB\R2009a\bin\win32\hgdatatypes.dll
0x7ab70000 - 0x7ad89000 	C:\Program Files\MATLAB\R2009a\bin\win32\uiw.dll
0x7aee0000 - 0x7aee9000 	C:\Program Files\MATLAB\R2009a\bin\win32\uinone.dll
0x781d0000 - 0x782e0000 	C:\WINDOWS\WinSxS\x86_Microsoft.VC80.MFC_1fc8b3b9a1e18e3b_8.0.50727.4053_x-ww_b77cec8e\MFC80.DLL
0x73000000 - 0x73026000 	C:\WINDOWS\system32\WINSPOOL.DRV
0x774e0000 - 0x7761d000 	C:\WINDOWS\system32\ole32.dll
0x77120000 - 0x771ab000 	C:\WINDOWS\system32\OLEAUT32.dll
0x79ae0000 - 0x79b55000 	C:\Program Files\MATLAB\R2009a\bin\win32\udd_mi.dll
0x78740000 - 0x78753000 	C:\Program Files\MATLAB\R2009a\bin\win32\mwoles05.DLL
0x79820000 - 0x79864000 	C:\Program Files\MATLAB\R2009a\bin\win32\comcli.dll
0x7c630000 - 0x7c64b000 	C:\WINDOWS\WinSxS\x86_Microsoft.VC80.ATL_1fc8b3b9a1e18e3b_8.0.50727.4053_x-ww_473666fd\ATL80.DLL
0x7ae90000 - 0x7ae9b000 	C:\Program Files\MATLAB\R2009a\bin\win32\mlautoregister.dll
0x76390000 - 0x763ad000 	C:\WINDOWS\system32\IMM32.DLL
0x773d0000 - 0x774d3000 	C:\WINDOWS\WinSxS\x86_Microsoft.Windows.Common-Controls_6595b64144ccf1df_6.0.2600.5512_x-ww_35d4ce83\comctl32.dll
0x02440000 - 0x0244e000 	C:\WINDOWS\WinSxS\x86_Microsoft.VC80.MFCLOC_1fc8b3b9a1e18e3b_8.0.50727.4053_x-ww_0ccc058c\MFC80ENU.DLL
0x74720000 - 0x7476c000 	C:\WINDOWS\system32\MSCTF.dll
0x755c0000 - 0x755ee000 	C:\WINDOWS\system32\msctfime.ime
0x74290000 - 0x74294000 	C:\WINDOWS\system32\icmp.Dll
0x76d60000 - 0x76d79000 	C:\WINDOWS\system32\iphlpapi.dll
0x71a50000 - 0x71a8f000 	C:\WINDOWS\System32\mswsock.dll
0x76f20000 - 0x76f47000 	C:\WINDOWS\system32\DNSAPI.dll
0x76fb0000 - 0x76fb8000 	C:\WINDOWS\System32\winrnr.dll
0x76f60000 - 0x76f8c000 	C:\WINDOWS\system32\WLDAP32.dll
0x16080000 - 0x160a5000 	C:\Program Files\Bonjour\mdnsNSP.dll
0x76fc0000 - 0x76fc6000 	C:\WINDOWS\system32\rasadhlp.dll
0x03800000 - 0x03858000 	C:\WINDOWS\system32\hnetcfg.dll
0x71a90000 - 0x71a98000 	C:\WINDOWS\System32\wshtcpip.dll
0x79190000 - 0x793e0000 	C:\Program Files\MATLAB\R2009a\sys\java\jre\win32\jre\bin\client\jvm.dll
0x76b40000 - 0x76b6d000 	C:\WINDOWS\system32\WINMM.dll
0x05860000 - 0x058b6000 	C:\Program Files\MATLAB\R2009a\bin\win32\MSVCR71.dll
0x058d0000 - 0x05971000 	C:\WINDOWS\system32\DBGHELP.dll
0x77c00000 - 0x77c08000 	C:\WINDOWS\system32\VERSION.dll
0x79920000 - 0x79928000 	C:\Program Files\MATLAB\R2009a\sys\java\jre\win32\jre\bin\hpi.dll
0x79940000 - 0x7994c000 	C:\Program Files\MATLAB\R2009a\sys\java\jre\win32\jre\bin\verify.dll
0x787c0000 - 0x787df000 	C:\Program Files\MATLAB\R2009a\sys\java\jre\win32\jre\bin\java.dll
0x79950000 - 0x7995f000 	C:\Program Files\MATLAB\R2009a\sys\java\jre\win32\jre\bin\zip.dll
0x78fc0000 - 0x790ee000 	C:\Program Files\MATLAB\R2009a\sys\java\jre\win32\jre\bin\awt.dll
0x78760000 - 0x78778000 	C:\Program Files\MATLAB\R2009a\bin\win32\nativejava.dll
0x78780000 - 0x7879d000 	C:\Program Files\MATLAB\R2009a\bin\win32\nativejmi.dll
0x7aed0000 - 0x7aed6000 	C:\Program Files\MATLAB\R2009a\bin\win32\nativeservices.dll
0x799c0000 - 0x79a13000 	C:\Program Files\MATLAB\R2009a\sys\java\jre\win32\jre\bin\fontmanager.dll
0x787e0000 - 0x787f3000 	C:\Program Files\MATLAB\R2009a\sys\java\jre\win32\jre\bin\net.dll
0x79930000 - 0x79939000 	C:\Program Files\MATLAB\R2009a\sys\java\jre\win32\jre\bin\nio.dll
0x0ad70000 - 0x0ad76000 	C:\Program Files\MATLAB\R2009a\bin\win32\nativelmgr.dll
0x0ae10000 - 0x0ae34000 	C:\Program Files\MATLAB\R2009a\sys\java\jre\win32\jre\bin\jpeg.dll
0x0ae50000 - 0x0afe0000 	C:\Program Files\MATLAB\R2009a\bin\win32\instutil.dll
0x77b40000 - 0x77b62000 	C:\WINDOWS\system32\appHelp.dll
0x76fd0000 - 0x7704f000 	C:\WINDOWS\system32\CLBCATQ.DLL
0x77050000 - 0x77115000 	C:\WINDOWS\system32\COMRes.dll

VM Arguments:
jvm_args: -Xss512k -XX:PermSize=32m -Xms64m -XX:NewRatio=3 -XX:MaxPermSize=64m -Xmx128m -XX:MaxDirectMemorySize=1200000000 -Dsun.java2d.noddraw=true -Dsun.awt.nopixfmt=true -Xshare:off -Xrs -Djava.library.path=C:\Program Files\MATLAB\R2009a\bin\win32 vfprintf abort 
java_command: <unknown>
Launcher Type: generic

Environment Variables:
CLASSPATH=.;C:\Program Files\Java\jre1.6.0_03\lib\ext\QTJava.zip
PATH=C:\Program Files\Rockwell Software\RSCommon;C:\WINDOWS\system32;C:\WINDOWS;C:\WINDOWS\System32\Wbem;s:\datamart\bin;C:\Program Files\QuickTime\QTSystem\;C:\Program Files\ATI Technologies\ATI.ACE\Core-Static;C:\Program Files\IVI\bin;C:\VXIPNP\WinNT\Bin;C:\Program Files\ABB Industrial IT\Robotics IT\RobotStudio\Bin\lib3dx\intel_a\code\bin;C:\Program Files\MATLAB\R2009a\bin;C:\Program Files\MATLAB\R2009a\bin\win32;C:\Program Files\MATLAB\R2008a\bin;C:\Program Files\MATLAB\R2008a\bin\win32;C:\WINDOWS\system32\WindowsPowerShell\v1.0;C:\WINDOWS\system32\WindowsPowerShell\v1.0;c:\Program Files\Microsoft SQL Server\90\Tools\binn\;C:\Program Files\TortoiseSVN\bin;C:\Program Files\CMake 2.8\bin;C:\Program Files\Common Files\Ahead\Lib\
USERNAME=ivd394
OS=Windows_NT
PROCESSOR_IDENTIFIER=x86 Family 6 Model 15 Stepping 11, GenuineIntel



---------------  S Y S T E M  ---------------

OS: Windows XP Build 2600 Service Pack 3

CPU:total 4 (4 cores per cpu, 1 threads per core) family 6 model 15 stepping 11, cmov, cx8, fxsr, mmx, sse, sse2, sse3, ssse3

Memory: 4k page, physical 3407084k(1810428k free), swap 4194303k(3427488k free)

vm_info: Java HotSpot(TM) Client VM (10.0-b19) for windows-x86 JRE (1.6.0_04-b12), built on Dec 14 2007 00:51:20 by "java_re" with MS VC++ 7.1

time: Tue Sep 28 13:50:12 2010
elapsed time: 9392 seconds

